[SERVER DEBUG] server.cjs loaded and running
[WISHLIST DEBUG] userRoutes.js top
[WISHLIST DEBUG] userRoutes.js loaded
[WISHLIST DEBUG] Registering GET /wishlist route
[ROUTES DEBUG] userRoutes.js loaded
[WISHLIST DEBUG] userController.js loaded
[ROUTES DEBUG] Registering GET /wishlist route with getWishlist handler
[WISHLIST DEBUG] Before router.get(/wishlist)
[WISHLIST DEBUG] After router.get(/wishlist)
dogController: {
  createDog: [AsyncFunction: createDog],
  getDogById: [AsyncFunction: getDogById],
  updateDog: [AsyncFunction: updateDog],
  deleteDog: [AsyncFunction: deleteDog],
  likeDog: [AsyncFunction: likeDog],
  unlikeDog: [AsyncFunction: unlikeDog],
  confirmAdoption: [AsyncFunction: confirmAdoption],
  getPendingAdoptions: [AsyncFunction: getPendingAdoptions],
  listDogs: [AsyncFunction: listDogs],
  cancelAdoption: [AsyncFunction: cancelAdoption],
  adoptRequest: [AsyncFunction: adoptRequest],
  getNewDogsSince: [AsyncFunction: getNewDogsSince]
}
[STATIC DEBUG] uploadsPath resolved to: /Applications/MAMP/htdocs/eky/server/uploads
Server started at:
  Local:   http://localhost:3001
  Network: http://172.20.10.4:3001
  Timeouts configured: Request=60s, KeepAlive=65s, Headers=66s
MongoDB connected: ac-pkzabov-shard-00-00.zw3yij8.mongodb.net
